<?xml version="1.0" encoding="UTF-8"?>
<!-- Generated by org.testng.reporters.JUnitReportReporter -->
<testsuite hostname="ELW5096" failures="0" tests="2" name="seleniumexamples.TestngEx" time="0.010" errors="0" timestamp="26 Sep 2022 10:32:11 GMT" skipped="0">
  <testcase classname="seleniumexamples.TestngEx" name="testCase1" time="0.007"/>
  <testcase classname="seleniumexamples.TestngEx" name="testCase2" time="0.003"/>
</testsuite> <!-- seleniumexamples.TestngEx -->
