<?xml version="1.0" encoding="UTF-8"?>
<!-- Generated by org.testng.reporters.JUnitReportReporter -->
<testsuite hostname="ELW5096" failures="0" tests="2" name="testngexmpl.TestngEx" time="0.040" errors="0" timestamp="26 Sep 2022 11:16:32 GMT" skipped="0">
  <testcase classname="testngexmpl.TestngEx" name="testCase2" time="0.019"/>
  <testcase classname="testngexmpl.TestngEx" name="testCase1" time="0.021"/>
</testsuite> <!-- testngexmpl.TestngEx -->
