<?xml version="1.0" encoding="UTF-8"?>
<!-- Generated by org.testng.reporters.JUnitReportReporter -->
<testsuite hostname="ELW5096" failures="0" tests="4" name="testngexmpl.AllAssignment" time="42.123" errors="0" timestamp="27 Sep 2022 08:49:55 GMT" skipped="0">
  <testcase classname="testngexmpl.AllAssignment" name="mouseover" time="16.797"/>
  <testcase classname="testngexmpl.AllAssignment" name="facebookfsignup" time="3.116"/>
  <testcase classname="testngexmpl.AllAssignment" name="Hrm" time="19.982"/>
  <testcase classname="testngexmpl.AllAssignment" name="webtable" time="2.228"/>
</testsuite> <!-- testngexmpl.AllAssignment -->
