<?xml version="1.0" encoding="UTF-8"?>
<!-- Generated by org.testng.reporters.JUnitReportReporter -->
<testsuite hostname="ELW5096" failures="0" tests="3" name="testngexmpl.HRMApplication" time="13.495" errors="0" timestamp="27 Sep 2022 03:35:10 GMT" skipped="0">
  <testcase classname="testngexmpl.HRMApplication" name="login" time="9.936"/>
  <testcase classname="testngexmpl.HRMApplication" name="apply" time="1.729"/>
  <testcase classname="testngexmpl.HRMApplication" name="logout" time="1.830"/>
</testsuite> <!-- testngexmpl.HRMApplication -->
